orb2db_msg: created new message file '/opt/antelope/5.0-64/src/contrib/lib/dataformat/dbmon/certify/results/dbmon/demo.MSGFILE'
try_dbmon: DBMON DEBUG: Table affiliation appeared
try_dbmon: DBMON DEBUG: Table assoc appeared
try_dbmon: DBMON DEBUG: Table instrument appeared
try_dbmon: DBMON DEBUG: Table lastid appeared
try_dbmon: DBMON DEBUG: Table netmag appeared
try_dbmon: DBMON DEBUG: Table network appeared
try_dbmon: DBMON DEBUG: Table origin appeared
try_dbmon: DBMON DEBUG: Table sensor appeared
try_dbmon: DBMON DEBUG: Table site appeared
try_dbmon: DBMON DEBUG: Table sitechan appeared
try_dbmon: DBMON DEBUG: Table stamag appeared
try_dbmon: DBMON DEBUG: Table wfdisc appeared
try_dbmon: DBMON DEBUG: Table affiliation unchanged
try_dbmon: DBMON DEBUG: Table arrival appeared
try_dbmon: DBMON DEBUG: Table assoc unchanged
try_dbmon: DBMON DEBUG: Table instrument unchanged
try_dbmon: DBMON DEBUG: Table lastid unchanged
try_dbmon: DBMON DEBUG: Table netmag unchanged
try_dbmon: DBMON DEBUG: Table network unchanged
try_dbmon: DBMON DEBUG: Table origin unchanged
try_dbmon: DBMON DEBUG: Table sensor unchanged
try_dbmon: DBMON DEBUG: Table site unchanged
try_dbmon: DBMON DEBUG: Table sitechan unchanged
try_dbmon: DBMON DEBUG: Table stamag unchanged
try_dbmon: DBMON DEBUG: Table wfdisc unchanged
try_dbmon: DBMON DEBUG: Table affiliation unchanged
try_dbmon: DBMON DEBUG: Table arrival shortened
try_dbmon: Table 'results/dbmon/demo.arrival' inappropriately shortened from 5 to 1 rows; rebuilding
try_dbmon: DBMON DEBUG: Table assoc unchanged
try_dbmon: DBMON DEBUG: Table instrument unchanged
try_dbmon: DBMON DEBUG: Table lastid unchanged
try_dbmon: DBMON DEBUG: Table netmag unchanged
try_dbmon: DBMON DEBUG: Table network unchanged
try_dbmon: DBMON DEBUG: Table origin unchanged
try_dbmon: DBMON DEBUG: Table sensor unchanged
try_dbmon: DBMON DEBUG: Table site unchanged
try_dbmon: DBMON DEBUG: Table sitechan unchanged
try_dbmon: DBMON DEBUG: Table stamag unchanged
try_dbmon: DBMON DEBUG: Table wfdisc unchanged
try_dbmon: DBMON DEBUG: Table affiliation unchanged
try_dbmon: DBMON DEBUG: Table arrival modified
try_dbmon: DBMON DEBUG: Table assoc unchanged
try_dbmon: DBMON DEBUG: Table instrument unchanged
try_dbmon: DBMON DEBUG: Table lastid unchanged
try_dbmon: DBMON DEBUG: Table netmag unchanged
try_dbmon: DBMON DEBUG: Table network unchanged
try_dbmon: DBMON DEBUG: Table origin unchanged
try_dbmon: DBMON DEBUG: Table sensor unchanged
try_dbmon: DBMON DEBUG: Table site unchanged
try_dbmon: DBMON DEBUG: Table sitechan unchanged
try_dbmon: DBMON DEBUG: Table stamag unchanged
try_dbmon: DBMON DEBUG: Table wfdisc unchanged
try_dbmon: DBMON DEBUG: Table affiliation unchanged
try_dbmon: DBMON DEBUG: Table arrival modified
try_dbmon: DBMON DEBUG: Table assoc unchanged
try_dbmon: DBMON DEBUG: Table instrument unchanged
try_dbmon: DBMON DEBUG: Table lastid unchanged
try_dbmon: DBMON DEBUG: Table netmag unchanged
try_dbmon: DBMON DEBUG: Table network unchanged
try_dbmon: DBMON DEBUG: Table origin unchanged
try_dbmon: DBMON DEBUG: Table sensor unchanged
try_dbmon: DBMON DEBUG: Table site unchanged
try_dbmon: DBMON DEBUG: Table sitechan unchanged
try_dbmon: DBMON DEBUG: Table stamag unchanged
try_dbmon: DBMON DEBUG: Table wfdisc unchanged
