for i in ima plotdb tkx sun ver zeta; do  (echo  dev $i :; cd $i; make); done
dev ima :
cc -c -O -fsingle -I../ima ../com/globalvar.c
cc -O -fsingle  -target sun4 -c  sendplot.c
cc -O -fsingle  -target sun4 -c  getspcpar.c
cc -O -fsingle  -target sun4 -c  bitfix.c
cc -c -O -fsingle -I../ima ../scan/patch.c
(cd ../scan; make )
cc -O -fsingle  -target sun4 -c  bits.c
cc -O -fsingle  -target sun4 -c  newplot.c
cc -O -fsingle  -target sun4 -c  vector.c
cc -O -fsingle  -target sun4 -c  linefill.c
cc -O -fsingle  -target sun4 -c  raster.c
cc -O -fsingle  -target sun4 -c  zap4.c
cc -O -fsingle  -target sun4 -c  boxfill.c
echo "changing scan"
changing scan
(cd ../com; make )
cc -O -fsingle  -target sun4 -c  main.c
cc -O -fsingle  -target sun4 -c  readcom.c
cc -O -fsingle  -target sun4 -c  line_point.c
cc -O -fsingle  -target sun4 -c  err.c
cc -O -fsingle  -target sun4 -c  text.c
cc -O -fsingle  -target sun4 -c  getstdpar.c
cc -O -fsingle  -target sun4 -c  polygon.c
cc -O -fsingle  -target sun4 -c  symbol.c
cc -O -fsingle  -target sun4 -c  label.c
cc -O -fsingle  -target sun4 -c  rastertext.c
cc -O -fsingle  -target sun4 -c  dot.c
cc -O -fsingle  -target sun4 -c  geth.c
cc -O -fsingle  -target sun4 -c  xpolygon.c
echo "changing com"
changing com
(cd ../dum; make )
cc -O -fsingle  -target sun4 -c  vector.c
cc -O -fsingle  -target sun4 -c  open_close.c
cc -O -fsingle  -target sun4 -c  getspcpar.c
cc -O -fsingle  -target sun4 -c  newplot.c
cc -O -fsingle  -target sun4 -c  color.c
cc -O -fsingle  -target sun4 -c  poly.c
cc -O -fsingle  -target sun4 -c  raster.c
cc -O -fsingle  -target sun4 -c  rastext.c
cc -O -fsingle  -target sun4 -c  erase.c
cc -O -fsingle  -target sun4 -c  pattern.c
cc -O -fsingle  -target sun4 -c  getstdpar.c
cc -O -fsingle  -target sun4 -c  sendplot.c
cc -O -fsingle  -target sun4 -c  opendev.c
cc -O -fsingle  -target sun4 -c  closedev.c
cc -O -fsingle  -target sun4 -c  initcolortable.c
cc -O -fsingle  -target sun4 -c  label.c
cc -O -fsingle -o ima globalvar.o sendplot.o getspcpar.o bitfix.o patch.o ../scan/bits.o ../scan/zap4.o ../scan/newplot.o ../scan/linefill.o  ../scan/raster.o ../scan/vector.o ../scan/boxfill.o ../com/main.o ../com/readcom.o ../com/line_point.o ../com/symbol.o  ../com/err.o ../com/text.o  ../com/getstdpar.o ../com/polygon.o  ../com/label.o ../com/rastertext.o ../com/geth.o ../com/dot.o \
	../dum/opendev.o ../dum/closedev.o ../dum/color.o  ../dum/erase.o	../dum/pattern.o ../dum/initcolortable.o ../../symboldata/getsymdata.o -lget -lm
dev plotdb :
cc -g  -target sun4 -c  readcom.c
cc -g  -target sun4 -c  getspcpar.c
cc -c -g -I../plotdb ../com/globalvar.c
cc -g -o plotdb readcom.o getspcpar.o globalvar.o ../com/main.o  ../com/err.o ../com/geth.o ../dum/open_close.o ../dum/getstdpar.o ../dum/raster.o  ../dum/newplot.o ../dum/initcolortable.o ../dum/label.o -lget -lm
dev tkx :
cc -c -O -fsingle -I../tkx ../com/globalvar.c
cc -O -fsingle  -target sun4 -c  open_close.c
cc -O -fsingle  -target sun4 -c  vector.c
cc -O -fsingle  -target sun4 -c  newplot.c
cc -O -fsingle  -target sun4 -c  fill.c
cc -O -fsingle  -target sun4 -c  sendplot.c
cc -O -fsingle -Bstatic  -o tkx globalvar.o open_close.o vector.o newplot.o fill.o sendplot.o  ../com/main.o ../com/readcom.o ../com/line_point.o ../com/symbol.o ../com/err.o ../com/text.o  ../com/getstdpar.o ../com/xpolygon.o  ../com/label.o ../com/dot.o ../com/geth.o \
	../dum/raster.o ../dum/getspcpar.o  ../dum/color.o  ../dum/rastext.o ../dum/pattern.o ../dum/initcolortable.o ../../symboldata/getsymdata.o -lget -lm
dev sun :
cc -c -O -I../sun ../com/globalvar.c
cc -O  -target sun4 -c  open_close.c
cc -O  -target sun4 -c  vector.c
cc -O  -target sun4 -c  boxfill.c
cc -O  -target sun4 -c  polygon.c
cc -O  -target sun4 -c  color.c
cc -O  -target sun4 -c  initcolortable.c
cc -O  -target sun4 -c  getspcpar.c
cc -O  -target sun4 -c  rastertext.c
cc -O  -target sun4 -c  sendplot.c
cc -O  -target sun4 -c  get_fb_dim.c
cc -O -o igltool.static globalvar.o open_close.o vector.o boxfill.o polygon.o color.o  initcolortable.o getspcpar.o rastertext.o sendplot.o get_fb_dim.o  ../com/main.o ../com/readcom.o ../com/line_point.o ../com/symbol.o ../com/err.o ../com/text.o  ../com/getstdpar.o  ../com/label.o ../com/dot.o ../com/geth.o \
../dum/raster.o ../dum/pattern.o  ../dum/newplot.o ../../symboldata/getsymdata.o -Bstatic -lget -lsuntool -lsunwindow -lpixrect -lm 
dev ver :
cc -c -O -I../ver ../scan/patch.c
cc -c -O -I../ver ../com/globalvar.c
cc -O  -target sun4 -c  sendplot.c
cc -O  -target sun4 -c  getspcpar.c
cc -O  -target sun4 -c  bitfix.c
cc -O -o ver patch.o  globalvar.o sendplot.o getspcpar.o bitfix.o ../scan/bits.o ../scan/vector.o ../scan/newplot.o ../scan/linefill.o ../scan/raster.o ../scan/zap4.o ../scan/boxfill.o ../com/main.o ../com/readcom.o ../com/line_point.o ../com/symbol.o ../com/err.o ../com/text.o  ../com/getstdpar.o ../com/polygon.o  ../com/label.o ../com/rastertext.o  ../com/geth.o ../com/dot.o \
	../dum/opendev.o ../dum/closedev.o ../dum/color.o  ../dum/erase.o	../dum/pattern.o ../dum/initcolortable.o ../../symboldata/getsymdata.o -lget -lm
dev zeta :
cc -c -O -fsingle -I../zeta ../com/globalvar.c
cc -O -fsingle  -target sun4 -c  color.c
cc -O -fsingle  -target sun4 -c  erase.c
cc -O -fsingle  -target sun4 -c  getspcpar.c
cc -O -fsingle  -target sun4 -c  line_point.c
cc -O -fsingle  -target sun4 -c  newplot.c
cc -O -fsingle  -target sun4 -c  open_close.c
cc -O -fsingle  -target sun4 -c  poly.c
cc -O -fsingle  -target sun4 -c  sendplot.c
cc -O -fsingle  -target sun4 -c  speed.c
cc -O -fsingle  -target sun4 -c  vector.c
cc -O -fsingle -Bstatic  -o zeta globalvar.o color.o erase.o getspcpar.o line_point.o newplot.o  open_close.o poly.o sendplot.o speed.o vector.o  ../com/main.o ../com/readcom.o ../com/symbol.o ../com/err.o ../com/text.o  ../com/getstdpar.o ../com/xpolygon.o  ../com/label.o ../com/dot.o ../com/geth.o \
	../dum/raster.o ../dum/pattern.o ../dum/rastext.o  ../dum/initcolortable.o ../../symboldata/getsymdata.o -lget -lm
for i in ima plotdb psigl tkx sun ver zeta; do  (echo  dev $i :; cd $i; make); done
dev ima :
`ima' is up to date.
dev plotdb :
`plotdb' is up to date.
dev psigl :
cc -O  -target sun4 -c  bye.c
cc -O  -target sun4 -c  cgen.c
cc -O  -target sun4 -c  cmdlist.c
cc -O  -target sun4 -c  compile.c
cc -O  -target sun4 -c  dashline.c
cc -O  -target sun4 -c  fontdata.c
cc -O  -target sun4 -c  getspcpar.c
cc -O  -target sun4 -c  getstdpar.c
cc -O  -target sun4 -c  glo.c
cc -O  -target sun4 -c  opt.c
cc -O  -target sun4 -c  par.c
cc -O  -target sun4 -c  symbol.c
symbol.c: 8: Can't find include file symboldata.h
*** Error code 2
make: Fatal error: Command failed for target `symbol.o'
Current working directory /home/richter/local/local/special/stdplt/devs/psigl
*** Error code 1
make: Fatal error: Command failed for target `compile'
for i in ima plotdb psigl tkx sun ver zeta; do  (echo  dev $i :; cd $i; make); done
dev ima :
`ima' is up to date.
dev plotdb :
`plotdb' is up to date.
dev psigl :
cc -O  -target sun4 -c  symbol.c
symbol.c: 8: Can't find include file ../../h/symboldata.h
*** Error code 2
make: Fatal error: Command failed for target `symbol.o'
Current working directory /home/richter/local/local/special/stdplt/devs/psigl
*** Error code 1
make: Fatal error: Command failed for target `compile'
for i in ima plotdb psigl tkx sun ver zeta; do  (echo  dev $i :; cd $i; make); done
dev ima :
`ima' is up to date.
dev plotdb :
`plotdb' is up to date.
dev psigl :
cc -O  -target sun4 -c  symbol.c
cc -O  -target sun4 -c  text.c
cc -O  -target sun4 -c  unixmain.c
cc -O  -target sun4 -c  sherr.c
cc -O  -target sun4 -c  shinp.c
cc -O  -target sun4 -c  shout.c
cc -O  -target sun4 -c  shmain.c
cc -o psigl bye.o cgen.o cmdlist.o compile.o dashline.o fontdata.o getspcpar.o  getstdpar.o glo.o opt.o par.o symbol.o text.o unixmain.o sherr.o shinp.o shout.o shmain.o -lm
dev tkx :
`tkx' is up to date.
dev sun :
`igltool.static' is up to date.
dev ver :
`ver' is up to date.
dev zeta :
`zeta' is up to date.
